<?xml version="1.0" encoding="UTF-8"?>
<testng-results ignored="0" total="1" passed="1" failed="0" skipped="0">
  <reporter-output>
  </reporter-output>
  <suite started-at="2025-07-19T12:58:56Z" name="Default suite" finished-at="2025-07-19T12:59:42Z" duration-ms="46138">
    <groups>
    </groups>
    <test started-at="2025-07-19T12:58:56Z" name="Default test" finished-at="2025-07-19T12:59:42Z" duration-ms="46138">
      <class name="testClasses.RegisterTest">
        <test-method is-config="true" signature="setUp()[pri:0, instance:testClasses.RegisterTest@312aa7c]" started-at="2025-07-19T12:58:56Z" name="setUp" finished-at="2025-07-19T12:59:39Z" duration-ms="43087" status="PASS">
          <reporter-output>
          </reporter-output>
        </test-method> <!-- setUp -->
        <test-method signature="validationRegistrationLink()[pri:0, instance:testClasses.RegisterTest@312aa7c]" started-at="2025-07-19T12:59:39Z" name="validationRegistrationLink" finished-at="2025-07-19T12:59:42Z" duration-ms="2818" status="PASS">
          <reporter-output>
          </reporter-output>
        </test-method> <!-- validationRegistrationLink -->
      </class> <!-- testClasses.RegisterTest -->
    </test> <!-- Default test -->
  </suite> <!-- Default suite -->
</testng-results>
