<?xml version="1.0" encoding="UTF-8"?>
<testng-results ignored="0" total="1" passed="1" failed="0" skipped="0">
  <reporter-output>
  </reporter-output>
  <suite started-at="2025-07-27T17:25:07Z" name="Default suite" finished-at="2025-07-27T17:25:21Z" duration-ms="14738">
    <groups>
      <group name="smoke">
        <method signature="RegisterTest.validationRegistrationLink()[pri:0, instance:testClasses.RegisterTest@25df00a0]" name="validationRegistrationLink" class="testClasses.RegisterTest"/>
      </group> <!-- smoke -->
    </groups>
    <test started-at="2025-07-27T17:25:07Z" name="Default test" finished-at="2025-07-27T17:25:21Z" duration-ms="14738">
      <class name="testClasses.RegisterTest">
        <test-method is-config="true" signature="setUp()[pri:0, instance:testClasses.RegisterTest@25df00a0]" started-at="2025-07-27T17:25:07Z" name="setUp" finished-at="2025-07-27T17:25:16Z" duration-ms="9191" status="PASS">
          <reporter-output>
          </reporter-output>
        </test-method> <!-- setUp -->
        <test-method signature="validationRegistrationLink()[pri:0, instance:testClasses.RegisterTest@25df00a0]" started-at="2025-07-27T17:25:16Z" name="validationRegistrationLink" finished-at="2025-07-27T17:25:21Z" duration-ms="5520" status="PASS">
          <reporter-output>
          </reporter-output>
        </test-method> <!-- validationRegistrationLink -->
        <test-method is-config="true" signature="tearDown()[pri:0, instance:testClasses.RegisterTest@25df00a0]" started-at="2025-07-27T17:25:21Z" name="tearDown" finished-at="2025-07-27T17:25:27Z" duration-ms="5556" status="PASS">
          <reporter-output>
          </reporter-output>
        </test-method> <!-- tearDown -->
      </class> <!-- testClasses.RegisterTest -->
    </test> <!-- Default test -->
  </suite> <!-- Default suite -->
</testng-results>
